Mon, 06 Jan 2014 03:35:01 keyedcache   WARNING  No CACHE_PREFIX found in settings, using SITE_ID.  Please update your settings to add a CACHE_PREFIX
Mon, 06 Jan 2014 03:35:02 shop.listeners DEBUG    Added default shop listeners
Mon, 06 Jan 2014 03:35:02 product.modules.downloadable.listeners DEBUG    Added downnloadable product listeners
Mon, 06 Jan 2014 03:35:02 satchmo_toolbar DEBUG    Satchmo toolbar ready
Mon, 06 Jan 2014 03:35:02 keyedcache   DEBUG    setting cache: 1::require_cache
Mon, 06 Jan 2014 03:35:02 keyedcache   DEBUG    got cached [2/1]: 1::require_cache
Mon, 06 Jan 2014 03:35:02 keyedcache   DEBUG    Cache responding OK
Mon, 06 Jan 2014 03:35:02 keyedcache   DEBUG    got cached [2/2]: 1::Setting::1::PAYMENT_AUTHORIZENET::LABEL
Mon, 06 Jan 2014 03:35:04 root         INFO     Running cron: <administration.crons.PullAdsReportCronJob object at 0x49a8e50>
Mon, 06 Jan 2014 03:35:04 root         INFO     Pulling ads reports
Mon, 06 Jan 2014 03:35:06 soap_xml     DEBUG    StartTime: 2014-01-06 03:35:05
POST: https://adwords.google.com/api/adwords/reportdownload/v201309
clientCustomerId: 628-078-4041
developerToken: WwYE5J9ZlMs46IHfAZL8Dg
Accept-Encoding: gzip
returnMoneyInMicros: false
Content-Encoding: gzip
Content-Length: 260
User-Agent: test (AwApi-Python/15.12.0, Common-Python/3.1.1, Python/2.6),gzip
Content-Type: application/x-www-form-urlencoded
Authorization: GoogleLogin auth=DQAAAIwAAABSxH5jupjxHpx8FxVHjaGasPzxqR5QaXKQT4xb-QojSgFa5fs-1_KXhiTCxfj3wLiDNKpJqLxIrBmB5PPKiPcibmGCOlRE6fiaPo3m09qwyV-b0izuV5TrEiwlWAnWECHNxnge1CJjo7Tvea3gaQiYd0CtHyY5ozMSgfjCCBzrrYH55vvF75w3ddKxEIfu9Ds

__rdxml=%3C%3Fxml+version%3D%221.0%22%3F%3E%0A%3CreportDefinition%3E%0A%3Cselector%3E%0A%3Cfields%3ECampaignName%3C%2Ffields%3E%0A%3Cfields%3ECampaignId%3C%2Ffields%3E%0A%3Cfields%3ECost%3C%2Ffields%3E%0A%3Cfields%3EDate%3C%2Ffields%3E%0A%3C%2Fselector%3E%0A%3CreportName%3ECRITERIA_PERFORMANCE_REPORT%3C%2FreportName%3E%0A%3CreportType%3ECAMPAIGN_PERFORMANCE_REPORT%3C%2FreportType%3E%0A%3CdateRangeType%3EALL_TIME%3C%2FdateRangeType%3E%0A%3CdownloadFormat%3EXML%3C%2FdownloadFormat%3E%0A%3CincludeZeroImpressions%3Efalse%3C%2FincludeZeroImpressions%3E%0A%3C%2FreportDefinition%3E

HTTP 200
Content-Type: application/xml; charset=UTF-8
Content-Disposition: /tmp/reportId-null2458269112652464233.tmprpt.xml
Content-Encoding: gzip
Transfer-Encoding: chunked
Date: Mon, 06 Jan 2014 11:35:06 GMT
Expires: Mon, 06 Jan 2014 11:35:06 GMT
Cache-Control: private, max-age=0
X-Content-Type-Options: nosniff
X-Frame-Options: SAMEORIGIN
X-XSS-Protection: 1; mode=block
Server: GSE
Connection: close
EndTime: 2014-01-06 03:35:06
Mon, 06 Jan 2014 03:35:06 request_info DEBUG    host=https://adwords.google.com operation=ReportDownload
Mon, 06 Jan 2014 03:35:08 soap_xml     DEBUG    StartTime: 2014-01-06 03:35:07
POST: https://adwords.google.com/api/adwords/reportdownload/v201309
clientCustomerId: 991-008-6537
developerToken: WwYE5J9ZlMs46IHfAZL8Dg
Accept-Encoding: gzip
returnMoneyInMicros: false
Content-Encoding: gzip
Content-Length: 260
User-Agent: test (AwApi-Python/15.12.0, Common-Python/3.1.1, Python/2.6),gzip
Content-Type: application/x-www-form-urlencoded
Authorization: GoogleLogin auth=DQAAAIwAAACvlq70vvHnRDeBGR2DnYL8Z3RlKQDXRPuip307NoALdjNRS0nEUZAa_I9ZAxsj5DanhXj3pe8uDz7GAj6g4clUCByNltiSCD-bsrIlSGs2ZcE_bO0tIZbZXKmypvGpgwMFIoOx3i7k8Ktk0jTBYQm5Asl8WUT3e77gvnoubRBmrhGhnyI2dvPiC1U_dV2AeuY

__rdxml=%3C%3Fxml+version%3D%221.0%22%3F%3E%0A%3CreportDefinition%3E%0A%3Cselector%3E%0A%3Cfields%3ECampaignName%3C%2Ffields%3E%0A%3Cfields%3ECampaignId%3C%2Ffields%3E%0A%3Cfields%3ECost%3C%2Ffields%3E%0A%3Cfields%3EDate%3C%2Ffields%3E%0A%3C%2Fselector%3E%0A%3CreportName%3ECRITERIA_PERFORMANCE_REPORT%3C%2FreportName%3E%0A%3CreportType%3ECAMPAIGN_PERFORMANCE_REPORT%3C%2FreportType%3E%0A%3CdateRangeType%3EALL_TIME%3C%2FdateRangeType%3E%0A%3CdownloadFormat%3EXML%3C%2FdownloadFormat%3E%0A%3CincludeZeroImpressions%3Efalse%3C%2FincludeZeroImpressions%3E%0A%3C%2FreportDefinition%3E

HTTP 200
Content-Type: application/xml; charset=UTF-8
Content-Disposition: /tmp/reportId-null1337474219341109322.tmprpt.xml
Content-Encoding: gzip
Transfer-Encoding: chunked
Date: Mon, 06 Jan 2014 11:35:08 GMT
Expires: Mon, 06 Jan 2014 11:35:08 GMT
Cache-Control: private, max-age=0
X-Content-Type-Options: nosniff
X-Frame-Options: SAMEORIGIN
X-XSS-Protection: 1; mode=block
Server: GSE
Connection: close
EndTime: 2014-01-06 03:35:08
Mon, 06 Jan 2014 03:35:08 request_info DEBUG    host=https://adwords.google.com operation=ReportDownload
Mon, 06 Jan 2014 03:35:10 soap_xml     DEBUG    StartTime: 2014-01-06 03:35:08
POST: https://adwords.google.com/api/adwords/reportdownload/v201309
clientCustomerId: 860-734-9136
developerToken: WwYE5J9ZlMs46IHfAZL8Dg
Accept-Encoding: gzip
returnMoneyInMicros: false
Content-Encoding: gzip
Content-Length: 260
User-Agent: test (AwApi-Python/15.12.0, Common-Python/3.1.1, Python/2.6),gzip
Content-Type: application/x-www-form-urlencoded
Authorization: GoogleLogin auth=DQAAAIwAAADpeyGD0-P9GXPqaQC26LwQL4zwKXwjMTRVUlsVABQJoj60q7hxq6q8Ks-7xQNPzH-V4f_z6VtAfRjBxOzxJrLfJY6_khk9wFsvgwe0L014m-8SDDs-AVy4Xnw1VZe4Ww9ubyTGhaH4S4IZ0qWsYqDoIK4exbcty7rlD47IYSTxIEsE9ZKt3nso4Sg927iSb1Q

__rdxml=%3C%3Fxml+version%3D%221.0%22%3F%3E%0A%3CreportDefinition%3E%0A%3Cselector%3E%0A%3Cfields%3ECampaignName%3C%2Ffields%3E%0A%3Cfields%3ECampaignId%3C%2Ffields%3E%0A%3Cfields%3ECost%3C%2Ffields%3E%0A%3Cfields%3EDate%3C%2Ffields%3E%0A%3C%2Fselector%3E%0A%3CreportName%3ECRITERIA_PERFORMANCE_REPORT%3C%2FreportName%3E%0A%3CreportType%3ECAMPAIGN_PERFORMANCE_REPORT%3C%2FreportType%3E%0A%3CdateRangeType%3EALL_TIME%3C%2FdateRangeType%3E%0A%3CdownloadFormat%3EXML%3C%2FdownloadFormat%3E%0A%3CincludeZeroImpressions%3Efalse%3C%2FincludeZeroImpressions%3E%0A%3C%2FreportDefinition%3E

HTTP 200
Content-Type: application/xml; charset=UTF-8
Content-Disposition: /tmp/reportId-null424361286628893693.tmprpt.xml
Content-Encoding: gzip
Transfer-Encoding: chunked
Date: Mon, 06 Jan 2014 11:35:10 GMT
Expires: Mon, 06 Jan 2014 11:35:10 GMT
Cache-Control: private, max-age=0
X-Content-Type-Options: nosniff
X-Frame-Options: SAMEORIGIN
X-XSS-Protection: 1; mode=block
Server: GSE
Connection: close
EndTime: 2014-01-06 03:35:10
Mon, 06 Jan 2014 03:35:10 request_info DEBUG    host=https://adwords.google.com operation=ReportDownload
